#! /c/Source/iverilog-install/bin/vvp
:ivl_version "12.0 (devel)" "(s20150603-1539-g2693dd32b)";
:ivl_delay_selection "TYPICAL";
:vpi_time_precision + 0;
:vpi_module "C:\iverilog\lib\ivl\system.vpi";
:vpi_module "C:\iverilog\lib\ivl\vhdl_sys.vpi";
:vpi_module "C:\iverilog\lib\ivl\vhdl_textio.vpi";
:vpi_module "C:\iverilog\lib\ivl\v2005_math.vpi";
:vpi_module "C:\iverilog\lib\ivl\va_math.vpi";
S_0000023c071c9ce0 .scope module, "controlador" "controlador" 2 116;
 .timescale 0 0;
    .port_info 0 /INPUT 1 "clk";
    .port_info 1 /INPUT 1 "reset";
    .port_info 2 /INPUT 16 "datain";
o0000023c071d6018 .functor BUFZ 1, C4<z>; HiZ drive
v0000023c07228930_0 .net "clk", 0 0, o0000023c071d6018;  0 drivers
v0000023c07228b10_0 .net "counter", 15 0, L_0000023c07228f70;  1 drivers
v0000023c07228ed0_0 .net "cs1", 0 0, L_0000023c071d2ea0;  1 drivers
o0000023c071d60d8 .functor BUFZ 16, C4<zzzzzzzzzzzzzzzz>; HiZ drive
v0000023c07229290_0 .net "datain", 15 0, o0000023c071d60d8;  0 drivers
v0000023c07229330_0 .net "miso", 0 0, L_0000023c07229470;  1 drivers
v0000023c07229150_0 .net "mosi", 0 0, L_0000023c072291f0;  1 drivers
o0000023c071d6168 .functor BUFZ 1, C4<z>; HiZ drive
v0000023c07228bb0_0 .net "reset", 0 0, o0000023c071d6168;  0 drivers
v0000023c072293d0_0 .net "sclk", 0 0, L_0000023c071d30d0;  1 drivers
L_0000023c072296f0 .part L_0000023c07228f70, 0, 1;
S_0000023c071c9e70 .scope module, "master" "master" 2 124, 2 1 0, S_0000023c071c9ce0;
 .timescale 0 0;
    .port_info 0 /INPUT 1 "clk";
    .port_info 1 /INPUT 1 "reset";
    .port_info 2 /INPUT 16 "datain";
    .port_info 3 /INPUT 1 "miso";
    .port_info 4 /OUTPUT 1 "cs_l";
    .port_info 5 /OUTPUT 1 "sclk";
    .port_info 6 /OUTPUT 1 "mosi";
    .port_info 7 /OUTPUT 16 "counter";
L_0000023c071d2ea0 .functor BUFZ 1, v0000023c07229790_0, C4<0>, C4<0>, C4<0>;
L_0000023c071d30d0 .functor BUFZ 1, v0000023c072295b0_0, C4<0>, C4<0>, C4<0>;
v0000023c072970a0_0 .var "MOSI", 15 0;
L_0000023c07229858 .functor BUFT 1, C4<00000000000>, C4<0>, C4<0>, C4<0>;
v0000023c07296a40_0 .net *"_ivl_5", 10 0, L_0000023c07229858;  1 drivers
v0000023c07296ae0_0 .net "clk", 0 0, o0000023c071d6018;  alias, 0 drivers
v0000023c07296b80_0 .var "count", 4 0;
v0000023c07296c20_0 .net "counter", 15 0, L_0000023c07228f70;  alias, 1 drivers
v0000023c07296cc0_0 .net "cs_l", 0 0, L_0000023c071d2ea0;  alias, 1 drivers
v0000023c07296d60_0 .net "datain", 15 0, o0000023c071d60d8;  alias, 0 drivers
o0000023c071d6108 .functor BUFZ 1, C4<z>; HiZ drive
v0000023c07296e00_0 .net "miso", 0 0, o0000023c071d6108;  0 drivers
v0000023c071c39c0_0 .net "mosi", 0 0, L_0000023c072291f0;  alias, 1 drivers
v0000023c071c3a60_0 .net "reset", 0 0, o0000023c071d6168;  alias, 0 drivers
v0000023c071c3b00_0 .net "sclk", 0 0, L_0000023c071d30d0;  alias, 1 drivers
v0000023c07229790_0 .var "spi_cs", 0 0;
v0000023c072295b0_0 .var "spi_sclk", 0 0;
v0000023c07229010_0 .var "state", 2 0;
E_0000023c071b8310 .event posedge, v0000023c07296ae0_0;
L_0000023c072291f0 .part v0000023c072970a0_0, 0, 1;
L_0000023c07228f70 .concat [ 5 11 0 0], v0000023c07296b80_0, L_0000023c07229858;
S_0000023c071c3ba0 .scope module, "slave_1" "slave" 2 134, 2 59 0, S_0000023c071c9ce0;
 .timescale 0 0;
    .port_info 0 /INPUT 1 "reset";
    .port_info 1 /OUTPUT 1 "miso";
    .port_info 2 /INPUT 1 "cs";
    .port_info 3 /INPUT 1 "sclk";
    .port_info 4 /INPUT 1 "count";
    .port_info 5 /INPUT 1 "mosi";
v0000023c07228d90_0 .var "MISO", 15 0;
v0000023c072289d0_0 .var "MOSI", 15 0;
v0000023c07228cf0_0 .net "count", 0 0, L_0000023c072296f0;  1 drivers
v0000023c072290b0_0 .var "counter", 4 0;
v0000023c07229510_0 .net "cs", 0 0, L_0000023c071d2ea0;  alias, 1 drivers
v0000023c07229650_0 .net "miso", 0 0, L_0000023c07229470;  alias, 1 drivers
v0000023c07228e30_0 .net "mosi", 0 0, L_0000023c072291f0;  alias, 1 drivers
v0000023c07228c50_0 .net "reset", 0 0, o0000023c071d6168;  alias, 0 drivers
v0000023c07228890_0 .net "sclk", 0 0, L_0000023c071d30d0;  alias, 1 drivers
v0000023c07228a70_0 .var "state", 2 0;
E_0000023c071b7cd0 .event posedge, v0000023c071c3b00_0;
L_0000023c07229470 .part v0000023c07228d90_0, 0, 1;
    .scope S_0000023c071c9e70;
T_0 ;
    %wait E_0000023c071b8310;
    %load/vec4 v0000023c071c3a60_0;
    %flag_set/vec4 8;
    %jmp/0xz  T_0.0, 8;
    %pushi/vec4 0, 0, 16;
    %assign/vec4 v0000023c072970a0_0, 0;
    %pushi/vec4 16, 0, 5;
    %assign/vec4 v0000023c07296b80_0, 0;
    %pushi/vec4 1, 0, 1;
    %assign/vec4 v0000023c07229790_0, 0;
    %pushi/vec4 0, 0, 1;
    %assign/vec4 v0000023c072295b0_0, 0;
    %jmp T_0.1;
T_0.0 ;
    %load/vec4 v0000023c07229010_0;
    %dup/vec4;
    %pushi/vec4 0, 0, 3;
    %cmp/u;
    %jmp/1 T_0.2, 6;
    %dup/vec4;
    %pushi/vec4 1, 0, 3;
    %cmp/u;
    %jmp/1 T_0.3, 6;
    %dup/vec4;
    %pushi/vec4 2, 0, 3;
    %cmp/u;
    %jmp/1 T_0.4, 6;
    %pushi/vec4 0, 0, 3;
    %assign/vec4 v0000023c07229010_0, 0;
    %jmp T_0.6;
T_0.2 ;
    %pushi/vec4 1, 0, 1;
    %assign/vec4 v0000023c07229790_0, 0;
    %pushi/vec4 0, 0, 1;
    %assign/vec4 v0000023c072295b0_0, 0;
    %pushi/vec4 1, 0, 3;
    %assign/vec4 v0000023c07229010_0, 0;
    %jmp T_0.6;
T_0.3 ;
    %pushi/vec4 0, 0, 1;
    %assign/vec4 v0000023c07229790_0, 0;
    %pushi/vec4 0, 0, 1;
    %assign/vec4 v0000023c072295b0_0, 0;
    %load/vec4 v0000023c07296d60_0;
    %load/vec4 v0000023c07296b80_0;
    %pad/u 32;
    %subi 1, 0, 32;
    %part/u 1;
    %pad/u 16;
    %assign/vec4 v0000023c072970a0_0, 0;
    %load/vec4 v0000023c07296b80_0;
    %subi 1, 0, 5;
    %assign/vec4 v0000023c07296b80_0, 0;
    %pushi/vec4 2, 0, 3;
    %assign/vec4 v0000023c07229010_0, 0;
    %jmp T_0.6;
T_0.4 ;
    %pushi/vec4 1, 0, 1;
    %assign/vec4 v0000023c072295b0_0, 0;
    %load/vec4 v0000023c07296b80_0;
    %pad/u 32;
    %cmpi/u 0, 0, 32;
    %flag_or 5, 4; GT is !LE
    %flag_inv 5;
    %jmp/0xz  T_0.7, 5;
    %pushi/vec4 1, 0, 3;
    %assign/vec4 v0000023c07229010_0, 0;
    %jmp T_0.8;
T_0.7 ;
    %pushi/vec4 16, 0, 5;
    %assign/vec4 v0000023c07296b80_0, 0;
    %pushi/vec4 0, 0, 3;
    %assign/vec4 v0000023c07229010_0, 0;
T_0.8 ;
    %jmp T_0.6;
T_0.6 ;
    %pop/vec4 1;
T_0.1 ;
    %jmp T_0;
    .thread T_0;
    .scope S_0000023c071c3ba0;
T_1 ;
    %wait E_0000023c071b7cd0;
    %load/vec4 v0000023c07228c50_0;
    %flag_set/vec4 8;
    %jmp/0xz  T_1.0, 8;
    %pushi/vec4 0, 0, 16;
    %assign/vec4 v0000023c072289d0_0, 0;
    %pushi/vec4 0, 0, 16;
    %assign/vec4 v0000023c07228d90_0, 0;
    %pushi/vec4 16, 0, 5;
    %assign/vec4 v0000023c072290b0_0, 0;
    %pushi/vec4 0, 0, 3;
    %assign/vec4 v0000023c07228a70_0, 0;
    %jmp T_1.1;
T_1.0 ;
    %load/vec4 v0000023c07228a70_0;
    %dup/vec4;
    %pushi/vec4 0, 0, 3;
    %cmp/u;
    %jmp/1 T_1.2, 6;
    %dup/vec4;
    %pushi/vec4 1, 0, 3;
    %cmp/u;
    %jmp/1 T_1.3, 6;
    %dup/vec4;
    %pushi/vec4 2, 0, 3;
    %cmp/u;
    %jmp/1 T_1.4, 6;
    %dup/vec4;
    %pushi/vec4 3, 0, 3;
    %cmp/u;
    %jmp/1 T_1.5, 6;
    %pushi/vec4 3, 0, 3;
    %assign/vec4 v0000023c07228a70_0, 0;
    %jmp T_1.7;
T_1.2 ;
    %load/vec4 v0000023c07228cf0_0;
    %pad/u 32;
    %cmpi/e 0, 0, 32;
    %jmp/0xz  T_1.8, 4;
    %pushi/vec4 1, 0, 3;
    %assign/vec4 v0000023c07228a70_0, 0;
    %jmp T_1.9;
T_1.8 ;
    %pushi/vec4 3, 0, 3;
    %assign/vec4 v0000023c07228a70_0, 0;
T_1.9 ;
    %jmp T_1.7;
T_1.3 ;
    %load/vec4 v0000023c072289d0_0;
    %load/vec4 v0000023c072290b0_0;
    %pad/u 32;
    %subi 1, 0, 32;
    %part/u 1;
    %pad/u 16;
    %assign/vec4 v0000023c07228d90_0, 0;
    %load/vec4 v0000023c072290b0_0;
    %subi 1, 0, 5;
    %assign/vec4 v0000023c072290b0_0, 0;
    %pushi/vec4 2, 0, 3;
    %assign/vec4 v0000023c07228a70_0, 0;
    %jmp T_1.7;
T_1.4 ;
    %load/vec4 v0000023c072290b0_0;
    %pad/u 32;
    %cmpi/u 0, 0, 32;
    %flag_or 5, 4; GT is !LE
    %flag_inv 5;
    %jmp/0xz  T_1.10, 5;
    %pushi/vec4 1, 0, 3;
    %assign/vec4 v0000023c07228a70_0, 0;
    %jmp T_1.11;
T_1.10 ;
    %pushi/vec4 16, 0, 5;
    %assign/vec4 v0000023c072290b0_0, 0;
    %pushi/vec4 0, 0, 3;
    %assign/vec4 v0000023c07228a70_0, 0;
T_1.11 ;
    %jmp T_1.7;
T_1.5 ;
    %load/vec4 v0000023c07229650_0;
    %ix/load 5, 0, 0;
    %load/vec4 v0000023c07228cf0_0;
    %pad/u 32;
    %subi 1, 0, 32;
    %ix/vec4 4;
    %assign/vec4/off/d v0000023c072289d0_0, 4, 5;
    %jmp T_1.7;
T_1.7 ;
    %pop/vec4 1;
T_1.1 ;
    %jmp T_1;
    .thread T_1;
# The file index is used to find the file name in the following table.
:file_names 3;
    "N/A";
    "<interactive>";
    "controlador.v";
