#! /c/Source/iverilog-install/bin/vvp
:ivl_version "12.0 (devel)" "(s20150603-1539-g2693dd32b)";
:ivl_delay_selection "TYPICAL";
:vpi_time_precision + 0;
:vpi_module "C:\iverilog\lib\ivl\system.vpi";
:vpi_module "C:\iverilog\lib\ivl\vhdl_sys.vpi";
:vpi_module "C:\iverilog\lib\ivl\vhdl_textio.vpi";
:vpi_module "C:\iverilog\lib\ivl\v2005_math.vpi";
:vpi_module "C:\iverilog\lib\ivl\va_math.vpi";
S_0000018702886570 .scope module, "lavadora" "lavadora" 2 32;
 .timescale 0 0;
    .port_info 0 /INPUT 1 "clk";
    .port_info 1 /INPUT 1 "intro_moneda";
    .port_info 2 /INPUT 1 "finalizar_pago";
    .port_info 3 /INPUT 1 "reset";
    .port_info 4 /OUTPUT 1 "lavado";
    .port_info 5 /OUTPUT 1 "secado";
    .port_info 6 /OUTPUT 1 "lavado_pesado";
    .port_info 7 /OUTPUT 1 "insuficiente";
P_0000018702886700 .param/l "ciclos_extra" 0 2 54, C4<010>;
P_0000018702886738 .param/l "pago_lav_p" 0 2 52, C4<1001>;
P_0000018702886770 .param/l "pago_lavado" 0 2 51, C4<0100>;
P_00000187028867a8 .param/l "pago_secado" 0 2 53, C4<0011>;
o00000187026dcfd8 .functor BUFZ 1, C4<z>; HiZ drive
v00000187028867f0_0 .net "clk", 0 0, o00000187026dcfd8;  0 drivers
o00000187026dd008 .functor BUFZ 1, C4<z>; HiZ drive
v000001870288be40_0 .net "finalizar_pago", 0 0, o00000187026dd008;  0 drivers
v000001870288bee0_0 .var "insuficiente", 0 0;
o00000187026dd068 .functor BUFZ 1, C4<z>; HiZ drive
v00000187026d32a0_0 .net "intro_moneda", 0 0, o00000187026dd068;  0 drivers
v00000187026d3340_0 .var "lavado", 0 0;
v00000187026d33e0_0 .var "lavado_pesado", 0 0;
v00000187026d3480_0 .var "mantener_insuficiente", 0 0;
v00000187026d3520_0 .var "mantener_opcion", 2 0;
o00000187026dd158 .functor BUFZ 1, C4<z>; HiZ drive
v00000187026d35c0_0 .net "reset", 0 0, o00000187026dd158;  0 drivers
v00000187026d3660_0 .var "secado", 0 0;
v00000187026d3700_0 .var "verificacion_de_pago", 3 0;
E_00000187026db6a0 .event posedge, v00000187028867f0_0;
S_000001870288a480 .scope task, "reiniciar" "reiniciar" 2 59, 2 59 0, S_0000018702886570;
 .timescale 0 0;
TD_lavadora.reiniciar ;
    %pushi/vec4 0, 0, 4;
    %assign/vec4 v00000187026d3700_0, 0;
    %pushi/vec4 0, 0, 1;
    %assign/vec4 v00000187026d3660_0, 0;
    %pushi/vec4 1, 0, 1;
    %assign/vec4 v00000187026d3480_0, 0;
    %pushi/vec4 2, 0, 3;
    %assign/vec4 v00000187026d3520_0, 0;
    %pushi/vec4 0, 0, 1;
    %assign/vec4 v00000187026d3340_0, 0;
    %pushi/vec4 0, 0, 1;
    %assign/vec4 v00000187026d33e0_0, 0;
    %pushi/vec4 0, 0, 1;
    %assign/vec4 v00000187026d3660_0, 0;
    %end;
    .scope S_0000018702886570;
T_1 ;
    %wait E_00000187026db6a0;
    %load/vec4 v00000187026d35c0_0;
    %flag_set/vec4 8;
    %jmp/0xz  T_1.0, 8;
    %fork TD_lavadora.reiniciar, S_000001870288a480;
    %join;
    %jmp T_1.1;
T_1.0 ;
    %load/vec4 v00000187026d32a0_0;
    %flag_set/vec4 8;
    %jmp/0xz  T_1.2, 8;
    %load/vec4 v00000187026d3700_0;
    %addi 1, 0, 4;
    %assign/vec4 v00000187026d3700_0, 0;
T_1.2 ;
T_1.1 ;
    %load/vec4 v000001870288be40_0;
    %flag_set/vec4 8;
    %jmp/0xz  T_1.4, 8;
    %load/vec4 v00000187026d3700_0;
    %dup/vec4;
    %pushi/vec4 4, 0, 4;
    %cmp/u;
    %jmp/1 T_1.6, 6;
    %dup/vec4;
    %pushi/vec4 9, 0, 4;
    %cmp/u;
    %jmp/1 T_1.7, 6;
    %dup/vec4;
    %pushi/vec4 3, 0, 4;
    %cmp/u;
    %jmp/1 T_1.8, 6;
    %fork TD_lavadora.reiniciar, S_000001870288a480;
    %join;
    %load/vec4 v00000187026d3480_0;
    %flag_set/vec4 8;
    %jmp/0xz  T_1.11, 8;
    %pushi/vec4 1, 0, 1;
    %assign/vec4 v000001870288bee0_0, 0;
    %jmp T_1.12;
T_1.11 ;
    %pushi/vec4 0, 0, 1;
    %assign/vec4 v000001870288bee0_0, 0;
T_1.12 ;
    %pushi/vec4 0, 0, 1;
    %assign/vec4 v00000187026d3480_0, 0;
    %jmp T_1.10;
T_1.6 ;
    %pushi/vec4 1, 0, 1;
    %assign/vec4 v00000187026d3340_0, 0;
    %jmp T_1.10;
T_1.7 ;
    %pushi/vec4 1, 0, 1;
    %assign/vec4 v00000187026d33e0_0, 0;
    %jmp T_1.10;
T_1.8 ;
    %pushi/vec4 1, 0, 1;
    %assign/vec4 v00000187026d3660_0, 0;
    %jmp T_1.10;
T_1.10 ;
    %pop/vec4 1;
T_1.4 ;
    %load/vec4 v00000187026d3660_0;
    %flag_set/vec4 9;
    %jmp/1 T_1.17, 9;
    %load/vec4 v00000187026d3340_0;
    %flag_set/vec4 10;
    %flag_or 9, 10;
T_1.17;
    %jmp/1 T_1.16, 9;
    %load/vec4 v00000187026d33e0_0;
    %flag_set/vec4 10;
    %flag_or 9, 10;
T_1.16;
    %flag_get/vec4 9;
    %jmp/0 T_1.15, 9;
    %pushi/vec4 1, 0, 32;
    %load/vec4 v00000187026d3520_0;
    %pad/u 32;
    %cmp/u;
    %flag_get/vec4 5;
    %and;
T_1.15;
    %flag_set/vec4 8;
    %jmp/0xz  T_1.13, 8;
    %load/vec4 v00000187026d3520_0;
    %subi 1, 0, 3;
    %assign/vec4 v00000187026d3520_0, 0;
    %jmp T_1.14;
T_1.13 ;
    %load/vec4 v00000187026d3520_0;
    %pad/u 32;
    %cmpi/e 1, 0, 32;
    %jmp/0xz  T_1.18, 4;
    %fork TD_lavadora.reiniciar, S_000001870288a480;
    %join;
T_1.18 ;
T_1.14 ;
    %jmp T_1;
    .thread T_1;
# The file index is used to find the file name in the following table.
:file_names 3;
    "N/A";
    "<interactive>";
    "lavadora.v";
