#! /c/Source/iverilog-install/bin/vvp
:ivl_version "12.0 (devel)" "(s20150603-1539-g2693dd32b)";
:ivl_delay_selection "TYPICAL";
:vpi_time_precision + 0;
:vpi_module "C:\iverilog\lib\ivl\system.vpi";
:vpi_module "C:\iverilog\lib\ivl\vhdl_sys.vpi";
:vpi_module "C:\iverilog\lib\ivl\vhdl_textio.vpi";
:vpi_module "C:\iverilog\lib\ivl\v2005_math.vpi";
:vpi_module "C:\iverilog\lib\ivl\va_math.vpi";
S_00000201a740fcb0 .scope module, "Sist_Seguridad_tb" "Sist_Seguridad_tb" 2 40;
 .timescale 0 0;
v00000201a74640d0_0 .net "ao", 0 0, v00000201a73fea60_0;  1 drivers
v00000201a74648f0_0 .net "clk", 0 0, v00000201a7464670_0;  1 drivers
v00000201a7463e50_0 .net "ho", 0 0, v00000201a7464030_0;  1 drivers
v00000201a7463ef0_0 .net "io", 0 0, v00000201a73fec40_0;  1 drivers
v00000201a7464490_0 .net "lo", 0 0, v00000201a73fece0_0;  1 drivers
v00000201a7464990_0 .net "m1", 0 0, v00000201a74647b0_0;  1 drivers
v00000201a7464170_0 .net "mo", 0 0, v00000201a7464ad0_0;  1 drivers
v00000201a74643f0_0 .net "p1", 0 0, v00000201a7464210_0;  1 drivers
v00000201a74645d0_0 .net "po", 0 0, v00000201a7463bd0_0;  1 drivers
v00000201a7467470_0 .net "pw", 0 0, v00000201a7464530_0;  1 drivers
v00000201a7466f70_0 .net "ro", 0 0, v00000201a7463d10_0;  1 drivers
v00000201a74666b0_0 .net "rst", 0 0, v00000201a7464710_0;  1 drivers
v00000201a74673d0_0 .net "v1", 0 0, v00000201a7463db0_0;  1 drivers
v00000201a7465990_0 .net "vo", 0 0, v00000201a7464850_0;  1 drivers
S_00000201a740fe40 .scope module, "maquina" "Sist_Seguridad" 2 46, 3 32 0, S_00000201a740fcb0;
 .timescale 0 0;
    .port_info 0 /INPUT 1 "clk";
    .port_info 1 /INPUT 1 "rst";
    .port_info 2 /INPUT 1 "ho";
    .port_info 3 /INPUT 1 "pw";
    .port_info 4 /INPUT 1 "ro";
    .port_info 5 /INPUT 1 "vo";
    .port_info 6 /INPUT 1 "v1";
    .port_info 7 /INPUT 1 "mo";
    .port_info 8 /INPUT 1 "m1";
    .port_info 9 /INPUT 1 "po";
    .port_info 10 /INPUT 1 "p1";
    .port_info 11 /OUTPUT 1 "io";
    .port_info 12 /OUTPUT 1 "lo";
    .port_info 13 /OUTPUT 1 "ao";
P_00000201a740ffd0 .param/l "a" 0 3 53, C4<000>;
P_00000201a7410008 .param/l "b" 0 3 54, C4<111>;
P_00000201a7410040 .param/l "c" 0 3 55, C4<010>;
P_00000201a7410078 .param/l "d" 0 3 56, C4<011>;
P_00000201a74100b0 .param/l "e" 0 3 57, C4<100>;
P_00000201a74100e8 .param/l "f" 0 3 58, C4<001>;
v00000201a73fea60_0 .var "ao", 0 0;
v00000201a73c2910_0 .net "clk", 0 0, v00000201a7464670_0;  alias, 1 drivers
v00000201a73f5490_0 .var "estado_actual", 2 0;
v00000201a73feb00_0 .var "estado_futuro", 2 0;
v00000201a73feba0_0 .net "ho", 0 0, v00000201a7464030_0;  alias, 1 drivers
v00000201a73fec40_0 .var "io", 0 0;
v00000201a73fece0_0 .var "lo", 0 0;
v00000201a73fed80_0 .net "m1", 0 0, v00000201a74647b0_0;  alias, 1 drivers
v00000201a73fee20_0 .net "mo", 0 0, v00000201a7464ad0_0;  alias, 1 drivers
v00000201a7463860_0 .net "p1", 0 0, v00000201a7464210_0;  alias, 1 drivers
v00000201a7463900_0 .net "po", 0 0, v00000201a7463bd0_0;  alias, 1 drivers
v00000201a74639a0_0 .net "pw", 0 0, v00000201a7464530_0;  alias, 1 drivers
v00000201a7463a40_0 .net "ro", 0 0, v00000201a7463d10_0;  alias, 1 drivers
v00000201a7463ae0_0 .net "rst", 0 0, v00000201a7464710_0;  alias, 1 drivers
v00000201a7463f90_0 .net "v1", 0 0, v00000201a7463db0_0;  alias, 1 drivers
v00000201a7464350_0 .net "vo", 0 0, v00000201a7464850_0;  alias, 1 drivers
E_00000201a73e7810/0 .event anyedge, v00000201a73f5490_0, v00000201a73feba0_0, v00000201a74639a0_0, v00000201a7463a40_0;
E_00000201a73e7810/1 .event anyedge, v00000201a7464350_0, v00000201a7463f90_0, v00000201a73fee20_0, v00000201a73fed80_0;
E_00000201a73e7810/2 .event anyedge, v00000201a7463900_0, v00000201a7463860_0;
E_00000201a73e7810 .event/or E_00000201a73e7810/0, E_00000201a73e7810/1, E_00000201a73e7810/2;
E_00000201a73e7e50 .event posedge, v00000201a7463ae0_0, v00000201a73c2910_0;
S_00000201a7464b90 .scope module, "patitos_s_a" "Sist_Seguridad_Tests" 2 63, 4 33 0, S_00000201a740fcb0;
 .timescale 0 0;
    .port_info 0 /OUTPUT 1 "clk";
    .port_info 1 /OUTPUT 1 "rst";
    .port_info 2 /OUTPUT 1 "ho";
    .port_info 3 /OUTPUT 1 "pw";
    .port_info 4 /OUTPUT 1 "ro";
    .port_info 5 /OUTPUT 1 "vo";
    .port_info 6 /OUTPUT 1 "v1";
    .port_info 7 /OUTPUT 1 "mo";
    .port_info 8 /OUTPUT 1 "m1";
    .port_info 9 /OUTPUT 1 "po";
    .port_info 10 /OUTPUT 1 "p1";
    .port_info 11 /INPUT 1 "io";
    .port_info 12 /INPUT 1 "lo";
    .port_info 13 /INPUT 1 "ao";
v00000201a74642b0_0 .net "ao", 0 0, v00000201a73fea60_0;  alias, 1 drivers
v00000201a7464670_0 .var "clk", 0 0;
v00000201a7464030_0 .var "ho", 0 0;
v00000201a7464a30_0 .net "io", 0 0, v00000201a73fec40_0;  alias, 1 drivers
v00000201a7463c70_0 .net "lo", 0 0, v00000201a73fece0_0;  alias, 1 drivers
v00000201a74647b0_0 .var "m1", 0 0;
v00000201a7464ad0_0 .var "mo", 0 0;
v00000201a7464210_0 .var "p1", 0 0;
v00000201a7463bd0_0 .var "po", 0 0;
v00000201a7464530_0 .var "pw", 0 0;
v00000201a7463d10_0 .var "ro", 0 0;
v00000201a7464710_0 .var "rst", 0 0;
v00000201a7463db0_0 .var "v1", 0 0;
v00000201a7464850_0 .var "vo", 0 0;
    .scope S_00000201a740fe40;
T_0 ;
    %wait E_00000201a73e7e50;
    %load/vec4 v00000201a7463ae0_0;
    %flag_set/vec4 8;
    %jmp/0xz  T_0.0, 8;
    %pushi/vec4 0, 0, 3;
    %store/vec4 v00000201a73f5490_0, 0, 3;
    %jmp T_0.1;
T_0.0 ;
    %load/vec4 v00000201a73feb00_0;
    %assign/vec4 v00000201a73f5490_0, 0;
T_0.1 ;
    %jmp T_0;
    .thread T_0;
    .scope S_00000201a740fe40;
T_1 ;
    %wait E_00000201a73e7810;
    %load/vec4 v00000201a73f5490_0;
    %dup/vec4;
    %pushi/vec4 0, 0, 3;
    %cmp/u;
    %jmp/1 T_1.0, 6;
    %dup/vec4;
    %pushi/vec4 7, 0, 3;
    %cmp/u;
    %jmp/1 T_1.1, 6;
    %dup/vec4;
    %pushi/vec4 2, 0, 3;
    %cmp/u;
    %jmp/1 T_1.2, 6;
    %dup/vec4;
    %pushi/vec4 3, 0, 3;
    %cmp/u;
    %jmp/1 T_1.3, 6;
    %dup/vec4;
    %pushi/vec4 4, 0, 3;
    %cmp/u;
    %jmp/1 T_1.4, 6;
    %dup/vec4;
    %pushi/vec4 1, 0, 3;
    %cmp/u;
    %jmp/1 T_1.5, 6;
    %jmp T_1.6;
T_1.0 ;
    %load/vec4 v00000201a73feba0_0;
    %flag_set/vec4 8;
    %jmp/0xz  T_1.7, 8;
    %pushi/vec4 1, 0, 3;
    %store/vec4 v00000201a73feb00_0, 0, 3;
    %jmp T_1.8;
T_1.7 ;
    %load/vec4 v00000201a74639a0_0;
    %load/vec4 v00000201a7463a40_0;
    %and;
    %flag_set/vec4 8;
    %jmp/0xz  T_1.9, 8;
    %pushi/vec4 7, 0, 3;
    %store/vec4 v00000201a73feb00_0, 0, 3;
    %jmp T_1.10;
T_1.9 ;
    %pushi/vec4 0, 0, 3;
    %store/vec4 v00000201a73feb00_0, 0, 3;
T_1.10 ;
T_1.8 ;
    %jmp T_1.6;
T_1.1 ;
    %load/vec4 v00000201a7464350_0;
    %load/vec4 v00000201a7463f90_0;
    %or;
    %load/vec4 v00000201a73fee20_0;
    %or;
    %load/vec4 v00000201a73fed80_0;
    %or;
    %flag_set/vec4 8;
    %jmp/0xz  T_1.11, 8;
    %pushi/vec4 2, 0, 3;
    %store/vec4 v00000201a73feb00_0, 0, 3;
    %jmp T_1.12;
T_1.11 ;
    %load/vec4 v00000201a7463900_0;
    %load/vec4 v00000201a7463860_0;
    %or;
    %flag_set/vec4 8;
    %jmp/0xz  T_1.13, 8;
    %pushi/vec4 3, 0, 3;
    %store/vec4 v00000201a73feb00_0, 0, 3;
    %jmp T_1.14;
T_1.13 ;
    %load/vec4 v00000201a73feba0_0;
    %flag_set/vec4 8;
    %jmp/0xz  T_1.15, 8;
    %pushi/vec4 1, 0, 3;
    %store/vec4 v00000201a73feb00_0, 0, 3;
    %jmp T_1.16;
T_1.15 ;
    %pushi/vec4 7, 0, 3;
    %store/vec4 v00000201a73feb00_0, 0, 3;
T_1.16 ;
T_1.14 ;
T_1.12 ;
    %jmp T_1.6;
T_1.2 ;
    %load/vec4 v00000201a74639a0_0;
    %flag_set/vec4 8;
    %jmp/0xz  T_1.17, 8;
    %pushi/vec4 0, 0, 3;
    %store/vec4 v00000201a73feb00_0, 0, 3;
    %jmp T_1.18;
T_1.17 ;
    %pushi/vec4 2, 0, 3;
    %store/vec4 v00000201a73feb00_0, 0, 3;
T_1.18 ;
    %jmp T_1.6;
T_1.3 ;
    %load/vec4 v00000201a7463a40_0;
    %load/vec4 v00000201a74639a0_0;
    %concat/vec4; draw_concat_vec4
    %dup/vec4;
    %pushi/vec4 0, 0, 2;
    %cmp/u;
    %jmp/1 T_1.19, 6;
    %dup/vec4;
    %pushi/vec4 1, 0, 2;
    %cmp/u;
    %jmp/1 T_1.20, 6;
    %dup/vec4;
    %pushi/vec4 2, 0, 2;
    %cmp/u;
    %jmp/1 T_1.21, 6;
    %dup/vec4;
    %pushi/vec4 3, 0, 2;
    %cmp/u;
    %jmp/1 T_1.22, 6;
    %jmp T_1.23;
T_1.19 ;
    %pushi/vec4 4, 0, 3;
    %store/vec4 v00000201a73feb00_0, 0, 3;
    %jmp T_1.23;
T_1.20 ;
    %pushi/vec4 0, 0, 3;
    %store/vec4 v00000201a73feb00_0, 0, 3;
    %jmp T_1.23;
T_1.21 ;
    %pushi/vec4 2, 0, 3;
    %store/vec4 v00000201a73feb00_0, 0, 3;
    %jmp T_1.23;
T_1.22 ;
    %pushi/vec4 2, 0, 3;
    %store/vec4 v00000201a73feb00_0, 0, 3;
    %jmp T_1.23;
T_1.23 ;
    %pop/vec4 1;
    %jmp T_1.6;
T_1.4 ;
    %load/vec4 v00000201a74639a0_0;
    %flag_set/vec4 8;
    %jmp/0xz  T_1.24, 8;
    %pushi/vec4 0, 0, 3;
    %store/vec4 v00000201a73feb00_0, 0, 3;
    %jmp T_1.25;
T_1.24 ;
    %pushi/vec4 2, 0, 3;
    %store/vec4 v00000201a73feb00_0, 0, 3;
T_1.25 ;
    %jmp T_1.6;
T_1.5 ;
    %load/vec4 v00000201a74639a0_0;
    %flag_set/vec4 8;
    %jmp/0xz  T_1.26, 8;
    %pushi/vec4 0, 0, 3;
    %store/vec4 v00000201a73feb00_0, 0, 3;
    %jmp T_1.27;
T_1.26 ;
    %pushi/vec4 1, 0, 3;
    %store/vec4 v00000201a73feb00_0, 0, 3;
T_1.27 ;
    %jmp T_1.6;
T_1.6 ;
    %pop/vec4 1;
    %load/vec4 v00000201a73f5490_0;
    %cmpi/e 1, 0, 3;
    %flag_mov 8, 4;
    %jmp/0 T_1.28, 8;
    %pushi/vec4 1, 0, 2;
    %jmp/1 T_1.29, 8;
T_1.28 ; End of true expr.
    %pushi/vec4 0, 0, 2;
    %jmp/0 T_1.29, 8;
 ; End of false expr.
    %blend;
T_1.29;
    %pad/s 1;
    %store/vec4 v00000201a73fec40_0, 0, 1;
    %load/vec4 v00000201a73f5490_0;
    %pushi/vec4 2, 0, 3;
    %cmp/e;
    %flag_get/vec4 4;
    %load/vec4 v00000201a73f5490_0;
    %pushi/vec4 3, 0, 3;
    %cmp/e;
    %flag_get/vec4 4;
    %or;
    %load/vec4 v00000201a73f5490_0;
    %pushi/vec4 4, 0, 3;
    %cmp/e;
    %flag_get/vec4 4;
    %or;
    %load/vec4 v00000201a73f5490_0;
    %pushi/vec4 1, 0, 3;
    %cmp/e;
    %flag_get/vec4 4;
    %or;
    %flag_set/vec4 8;
    %jmp/0 T_1.30, 8;
    %pushi/vec4 1, 0, 2;
    %jmp/1 T_1.31, 8;
T_1.30 ; End of true expr.
    %pushi/vec4 0, 0, 2;
    %jmp/0 T_1.31, 8;
 ; End of false expr.
    %blend;
T_1.31;
    %pad/s 1;
    %store/vec4 v00000201a73fece0_0, 0, 1;
    %load/vec4 v00000201a73f5490_0;
    %cmpi/e 2, 0, 3;
    %flag_mov 8, 4;
    %jmp/0 T_1.32, 8;
    %pushi/vec4 1, 0, 2;
    %jmp/1 T_1.33, 8;
T_1.32 ; End of true expr.
    %pushi/vec4 0, 0, 2;
    %jmp/0 T_1.33, 8;
 ; End of false expr.
    %blend;
T_1.33;
    %pad/s 1;
    %store/vec4 v00000201a73fea60_0, 0, 1;
    %jmp T_1;
    .thread T_1, $push;
    .scope S_00000201a7464b90;
T_2 ;
    %pushi/vec4 0, 0, 1;
    %store/vec4 v00000201a7464670_0, 0, 1;
    %end;
    .thread T_2;
    .scope S_00000201a7464b90;
T_3 ;
    %delay 1, 0;
    %load/vec4 v00000201a7464670_0;
    %inv;
    %store/vec4 v00000201a7464670_0, 0, 1;
    %jmp T_3;
    .thread T_3;
    .scope S_00000201a7464b90;
T_4 ;
    %vpi_call 4 56 "$dumpfile", "Sist_Seguridad.vcd" {0 0 0};
    %vpi_call 4 57 "$dumpvars" {0 0 0};
    %pushi/vec4 1, 0, 1;
    %store/vec4 v00000201a7464710_0, 0, 1;
    %delay 1, 0;
    %pushi/vec4 0, 0, 1;
    %store/vec4 v00000201a7464710_0, 0, 1;
    %delay 2, 0;
    %pushi/vec4 0, 0, 1;
    %store/vec4 v00000201a7464030_0, 0, 1;
    %delay 2, 0;
    %pushi/vec4 1, 0, 1;
    %store/vec4 v00000201a7464530_0, 0, 1;
    %delay 2, 0;
    %pushi/vec4 1, 0, 1;
    %store/vec4 v00000201a7463d10_0, 0, 1;
    %delay 2, 0;
    %pushi/vec4 0, 0, 1;
    %store/vec4 v00000201a7464530_0, 0, 1;
    %pushi/vec4 0, 0, 1;
    %store/vec4 v00000201a7463d10_0, 0, 1;
    %delay 4, 0;
    %pushi/vec4 1, 0, 1;
    %store/vec4 v00000201a7464710_0, 0, 1;
    %delay 1, 0;
    %pushi/vec4 0, 0, 1;
    %store/vec4 v00000201a7464710_0, 0, 1;
    %pushi/vec4 1, 0, 1;
    %store/vec4 v00000201a7463db0_0, 0, 1;
    %delay 2, 0;
    %pushi/vec4 0, 0, 1;
    %store/vec4 v00000201a7463db0_0, 0, 1;
    %delay 4, 0;
    %pushi/vec4 1, 0, 1;
    %store/vec4 v00000201a7464710_0, 0, 1;
    %delay 1, 0;
    %pushi/vec4 0, 0, 1;
    %store/vec4 v00000201a7464710_0, 0, 1;
    %pushi/vec4 0, 0, 1;
    %store/vec4 v00000201a7464030_0, 0, 1;
    %pushi/vec4 1, 0, 1;
    %store/vec4 v00000201a7464530_0, 0, 1;
    %pushi/vec4 1, 0, 1;
    %store/vec4 v00000201a7463d10_0, 0, 1;
    %delay 4, 0;
    %pushi/vec4 1, 0, 1;
    %store/vec4 v00000201a7464710_0, 0, 1;
    %delay 1, 0;
    %pushi/vec4 0, 0, 1;
    %store/vec4 v00000201a7464710_0, 0, 1;
    %pushi/vec4 0, 0, 1;
    %store/vec4 v00000201a7464530_0, 0, 1;
    %pushi/vec4 0, 0, 1;
    %store/vec4 v00000201a7463d10_0, 0, 1;
    %delay 4, 0;
    %pushi/vec4 1, 0, 1;
    %store/vec4 v00000201a7464710_0, 0, 1;
    %delay 1, 0;
    %pushi/vec4 0, 0, 1;
    %store/vec4 v00000201a7464710_0, 0, 1;
    %pushi/vec4 0, 0, 1;
    %store/vec4 v00000201a7464030_0, 0, 1;
    %pushi/vec4 1, 0, 1;
    %store/vec4 v00000201a7464530_0, 0, 1;
    %pushi/vec4 1, 0, 1;
    %store/vec4 v00000201a7463d10_0, 0, 1;
    %delay 4, 0;
    %pushi/vec4 1, 0, 1;
    %store/vec4 v00000201a7464850_0, 0, 1;
    %pushi/vec4 0, 0, 1;
    %store/vec4 v00000201a7464530_0, 0, 1;
    %pushi/vec4 0, 0, 1;
    %store/vec4 v00000201a7463d10_0, 0, 1;
    %delay 2, 0;
    %pushi/vec4 0, 0, 1;
    %store/vec4 v00000201a7464850_0, 0, 1;
    %delay 4, 0;
    %pushi/vec4 1, 0, 1;
    %store/vec4 v00000201a7464710_0, 0, 1;
    %delay 1, 0;
    %pushi/vec4 0, 0, 1;
    %store/vec4 v00000201a7464710_0, 0, 1;
    %pushi/vec4 0, 0, 1;
    %store/vec4 v00000201a7464030_0, 0, 1;
    %pushi/vec4 1, 0, 1;
    %store/vec4 v00000201a7464530_0, 0, 1;
    %pushi/vec4 1, 0, 1;
    %store/vec4 v00000201a7463d10_0, 0, 1;
    %delay 4, 0;
    %pushi/vec4 1, 0, 1;
    %store/vec4 v00000201a7463bd0_0, 0, 1;
    %pushi/vec4 0, 0, 1;
    %store/vec4 v00000201a7463d10_0, 0, 1;
    %delay 2, 0;
    %pushi/vec4 0, 0, 1;
    %store/vec4 v00000201a7463bd0_0, 0, 1;
    %delay 4, 0;
    %pushi/vec4 1, 0, 1;
    %store/vec4 v00000201a7464710_0, 0, 1;
    %delay 1, 0;
    %pushi/vec4 0, 0, 1;
    %store/vec4 v00000201a7464710_0, 0, 1;
    %pushi/vec4 0, 0, 1;
    %store/vec4 v00000201a7464030_0, 0, 1;
    %pushi/vec4 1, 0, 1;
    %store/vec4 v00000201a7464530_0, 0, 1;
    %pushi/vec4 1, 0, 1;
    %store/vec4 v00000201a7463d10_0, 0, 1;
    %delay 4, 0;
    %pushi/vec4 1, 0, 1;
    %store/vec4 v00000201a7464210_0, 0, 1;
    %pushi/vec4 0, 0, 1;
    %store/vec4 v00000201a7463d10_0, 0, 1;
    %pushi/vec4 0, 0, 1;
    %store/vec4 v00000201a7464530_0, 0, 1;
    %delay 2, 0;
    %pushi/vec4 0, 0, 1;
    %store/vec4 v00000201a7464210_0, 0, 1;
    %delay 4, 0;
    %pushi/vec4 1, 0, 1;
    %store/vec4 v00000201a7464710_0, 0, 1;
    %delay 1, 0;
    %pushi/vec4 0, 0, 1;
    %store/vec4 v00000201a7464710_0, 0, 1;
    %pushi/vec4 0, 0, 1;
    %store/vec4 v00000201a7464030_0, 0, 1;
    %pushi/vec4 1, 0, 1;
    %store/vec4 v00000201a7464530_0, 0, 1;
    %pushi/vec4 1, 0, 1;
    %store/vec4 v00000201a7463d10_0, 0, 1;
    %delay 4, 0;
    %pushi/vec4 1, 0, 1;
    %store/vec4 v00000201a7464030_0, 0, 1;
    %pushi/vec4 0, 0, 1;
    %store/vec4 v00000201a7463d10_0, 0, 1;
    %pushi/vec4 0, 0, 1;
    %store/vec4 v00000201a7464530_0, 0, 1;
    %delay 2, 0;
    %pushi/vec4 0, 0, 1;
    %store/vec4 v00000201a7464030_0, 0, 1;
    %delay 4, 0;
    %pushi/vec4 1, 0, 1;
    %store/vec4 v00000201a7464710_0, 0, 1;
    %delay 1, 0;
    %pushi/vec4 0, 0, 1;
    %store/vec4 v00000201a7464710_0, 0, 1;
    %delay 2, 0;
    %pushi/vec4 1, 0, 1;
    %store/vec4 v00000201a7464030_0, 0, 1;
    %delay 2, 0;
    %pushi/vec4 0, 0, 1;
    %store/vec4 v00000201a7464030_0, 0, 1;
    %delay 4, 0;
    %pushi/vec4 1, 0, 1;
    %store/vec4 v00000201a7464710_0, 0, 1;
    %delay 1, 0;
    %pushi/vec4 0, 0, 1;
    %store/vec4 v00000201a7464710_0, 0, 1;
    %pushi/vec4 0, 0, 1;
    %store/vec4 v00000201a7464030_0, 0, 1;
    %pushi/vec4 1, 0, 1;
    %store/vec4 v00000201a7464530_0, 0, 1;
    %pushi/vec4 1, 0, 1;
    %store/vec4 v00000201a7463d10_0, 0, 1;
    %delay 2, 0;
    %pushi/vec4 0, 0, 1;
    %store/vec4 v00000201a7463d10_0, 0, 1;
    %pushi/vec4 0, 0, 1;
    %store/vec4 v00000201a7464530_0, 0, 1;
    %delay 4, 0;
    %pushi/vec4 1, 0, 1;
    %store/vec4 v00000201a7464ad0_0, 0, 1;
    %delay 4, 0;
    %pushi/vec4 1, 0, 1;
    %store/vec4 v00000201a7464530_0, 0, 1;
    %delay 2, 0;
    %pushi/vec4 0, 0, 1;
    %store/vec4 v00000201a7464ad0_0, 0, 1;
    %pushi/vec4 0, 0, 1;
    %store/vec4 v00000201a7464530_0, 0, 1;
    %delay 4, 0;
    %pushi/vec4 1, 0, 1;
    %store/vec4 v00000201a7464710_0, 0, 1;
    %delay 1, 0;
    %pushi/vec4 0, 0, 1;
    %store/vec4 v00000201a7464710_0, 0, 1;
    %pushi/vec4 1, 0, 1;
    %store/vec4 v00000201a7464030_0, 0, 1;
    %delay 4, 0;
    %pushi/vec4 1, 0, 1;
    %store/vec4 v00000201a7464530_0, 0, 1;
    %pushi/vec4 0, 0, 1;
    %store/vec4 v00000201a7464030_0, 0, 1;
    %delay 2, 0;
    %pushi/vec4 0, 0, 1;
    %store/vec4 v00000201a7463d10_0, 0, 1;
    %pushi/vec4 0, 0, 1;
    %store/vec4 v00000201a7464530_0, 0, 1;
    %delay 10, 0;
    %vpi_call 4 160 "$finish" {0 0 0};
    %end;
    .thread T_4;
# The file index is used to find the file name in the following table.
:file_names 5;
    "N/A";
    "<interactive>";
    ".\Sist_Seguridad_tb.v";
    "./Sist_Seguridad.v";
    "./Sist_Seguridad_Tests.v";
