#! /c/Source/iverilog-install/bin/vvp
:ivl_version "12.0 (devel)" "(s20150603-1539-g2693dd32b)";
:ivl_delay_selection "TYPICAL";
:vpi_time_precision + 0;
:vpi_module "C:\iverilog\lib\ivl\system.vpi";
:vpi_module "C:\iverilog\lib\ivl\vhdl_sys.vpi";
:vpi_module "C:\iverilog\lib\ivl\vhdl_textio.vpi";
:vpi_module "C:\iverilog\lib\ivl\v2005_math.vpi";
:vpi_module "C:\iverilog\lib\ivl\va_math.vpi";
S_000001e927e54b60 .scope module, "Teclado_tb" "Teclado_tb" 2 39;
 .timescale 0 0;
v000001e927edb1a0_0 .net "clk", 0 0, v000001e927e7bf30_0;  1 drivers
v000001e927edb560_0 .net "enter", 0 0, v000001e927e478d0_0;  1 drivers
v000001e927edb600_0 .net "rst", 0 0, v000001e927e54e80_0;  1 drivers
v000001e927edb100_0 .net "teclas", 9 0, v000001e927e54360_0;  1 drivers
v000001e927edbd80_0 .net "verificacion", 0 0, v000001e927e22ef0_0;  1 drivers
S_000001e927e54cf0 .scope module, "prueba" "Teclado_Test" 2 55, 3 33 0, S_000001e927e54b60;
 .timescale 0 0;
    .port_info 0 /OUTPUT 1 "clk";
    .port_info 1 /OUTPUT 1 "rst";
    .port_info 2 /OUTPUT 10 "teclas";
    .port_info 3 /OUTPUT 1 "enter";
    .port_info 4 /INPUT 1 "verificacion";
v000001e927e7bf30_0 .var "clk", 0 0;
v000001e927e478d0_0 .var "enter", 0 0;
v000001e927e54e80_0 .var "rst", 0 0;
v000001e927e54360_0 .var "teclas", 9 0;
v000001e927e54400_0 .net "verificacion", 0 0, v000001e927e22ef0_0;  alias, 1 drivers
S_000001e927e6ba50 .scope module, "teclado" "Teclado" 2 47, 4 38 0, S_000001e927e54b60;
 .timescale 0 0;
    .port_info 0 /INPUT 1 "clk";
    .port_info 1 /INPUT 1 "rst";
    .port_info 2 /INPUT 10 "teclas";
    .port_info 3 /INPUT 1 "enter";
    .port_info 4 /OUTPUT 1 "verificacion";
P_000001e927e6bbe0 .param/l "CLAVE" 0 4 53, C4<0100001100100001>;
P_000001e927e6bc18 .param/l "a" 0 4 54, C4<1>;
P_000001e927e6bc50 .param/l "b" 0 4 55, C4<0>;
v000001e927e6bc90_0 .var "clave_convertida", 15 0;
v000001e927e6bd30_0 .var "clave_temporal", 15 0;
v000001e927e6bdd0_0 .net "clk", 0 0, v000001e927e7bf30_0;  alias, 1 drivers
v000001e927e22b30_0 .var "contador", 3 0;
v000001e927e22bd0_0 .net "enter", 0 0, v000001e927e478d0_0;  alias, 1 drivers
v000001e927e22c70_0 .var "estado_actual", 0 0;
v000001e927e22d10_0 .var "estado_futuro", 0 0;
v000001e927e22db0_0 .net "rst", 0 0, v000001e927e54e80_0;  alias, 1 drivers
v000001e927e22e50_0 .net "teclas", 9 0, v000001e927e54360_0;  alias, 1 drivers
v000001e927e22ef0_0 .var "verificacion", 0 0;
E_000001e927e800d0 .event posedge, v000001e927e54e80_0, v000001e927e7bf30_0;
    .scope S_000001e927e6ba50;
T_0 ;
    %wait E_000001e927e800d0;
    %load/vec4 v000001e927e22db0_0;
    %flag_set/vec4 8;
    %jmp/0xz  T_0.0, 8;
    %pushi/vec4 1, 0, 1;
    %store/vec4 v000001e927e22c70_0, 0, 1;
    %pushi/vec4 1, 0, 1;
    %store/vec4 v000001e927e22d10_0, 0, 1;
    %pushi/vec4 0, 0, 1;
    %cassign/vec4 v000001e927e22ef0_0;
    %pushi/vec4 0, 0, 16;
    %store/vec4 v000001e927e6bd30_0, 0, 16;
    %pushi/vec4 0, 0, 16;
    %store/vec4 v000001e927e6bc90_0, 0, 16;
    %pushi/vec4 0, 0, 4;
    %store/vec4 v000001e927e22b30_0, 0, 4;
    %jmp T_0.1;
T_0.0 ;
    %load/vec4 v000001e927e22d10_0;
    %assign/vec4 v000001e927e22c70_0, 0;
T_0.1 ;
    %jmp T_0;
    .thread T_0;
    .scope S_000001e927e6ba50;
T_1 ;
    %wait E_000001e927e800d0;
    %load/vec4 v000001e927e22c70_0;
    %flag_set/vec4 8;
    %jmp/0xz  T_1.0, 8;
    %load/vec4 v000001e927e22bd0_0;
    %flag_set/vec4 8;
    %jmp/0xz  T_1.2, 8;
    %load/vec4 v000001e927e6bd30_0;
    %store/vec4 v000001e927e6bc90_0, 0, 16;
    %pushi/vec4 0, 0, 4;
    %store/vec4 v000001e927e22b30_0, 0, 4;
    %pushi/vec4 0, 0, 1;
    %store/vec4 v000001e927e22c70_0, 0, 1;
    %pushi/vec4 0, 0, 1;
    %store/vec4 v000001e927e22d10_0, 0, 1;
    %jmp T_1.3;
T_1.2 ;
    %load/vec4 v000001e927e22e50_0;
    %or/r;
    %flag_set/vec4 8;
    %jmp/0xz  T_1.4, 8;
    %load/vec4 v000001e927e22b30_0;
    %dup/vec4;
    %pushi/vec4 0, 0, 4;
    %cmp/u;
    %jmp/1 T_1.6, 6;
    %dup/vec4;
    %pushi/vec4 1, 0, 4;
    %cmp/u;
    %jmp/1 T_1.7, 6;
    %dup/vec4;
    %pushi/vec4 2, 0, 4;
    %cmp/u;
    %jmp/1 T_1.8, 6;
    %dup/vec4;
    %pushi/vec4 3, 0, 4;
    %cmp/u;
    %jmp/1 T_1.9, 6;
    %pushi/vec4 0, 0, 16;
    %assign/vec4 v000001e927e6bd30_0, 0;
    %jmp T_1.11;
T_1.6 ;
    %load/vec4 v000001e927e22e50_0;
    %parti/s 1, 0, 2;
    %flag_set/vec4 8;
    %jmp/0xz  T_1.12, 8;
    %load/vec4 v000001e927e6bd30_0;
    %parti/s 4, 0, 2;
    %concati/vec4 0, 0, 4;
    %pad/u 16;
    %assign/vec4 v000001e927e6bd30_0, 0;
    %jmp T_1.13;
T_1.12 ;
    %load/vec4 v000001e927e22e50_0;
    %parti/s 1, 1, 2;
    %flag_set/vec4 8;
    %jmp/0xz  T_1.14, 8;
    %load/vec4 v000001e927e6bd30_0;
    %parti/s 4, 0, 2;
    %concati/vec4 1, 0, 4;
    %pad/u 16;
    %assign/vec4 v000001e927e6bd30_0, 0;
    %jmp T_1.15;
T_1.14 ;
    %load/vec4 v000001e927e22e50_0;
    %parti/s 1, 2, 3;
    %flag_set/vec4 8;
    %jmp/0xz  T_1.16, 8;
    %load/vec4 v000001e927e6bd30_0;
    %parti/s 4, 0, 2;
    %concati/vec4 2, 0, 4;
    %pad/u 16;
    %assign/vec4 v000001e927e6bd30_0, 0;
    %jmp T_1.17;
T_1.16 ;
    %load/vec4 v000001e927e22e50_0;
    %parti/s 1, 3, 3;
    %flag_set/vec4 8;
    %jmp/0xz  T_1.18, 8;
    %load/vec4 v000001e927e6bd30_0;
    %parti/s 4, 0, 2;
    %concati/vec4 3, 0, 4;
    %pad/u 16;
    %assign/vec4 v000001e927e6bd30_0, 0;
    %jmp T_1.19;
T_1.18 ;
    %load/vec4 v000001e927e22e50_0;
    %parti/s 1, 4, 4;
    %flag_set/vec4 8;
    %jmp/0xz  T_1.20, 8;
    %load/vec4 v000001e927e6bd30_0;
    %parti/s 4, 0, 2;
    %concati/vec4 4, 0, 4;
    %pad/u 16;
    %assign/vec4 v000001e927e6bd30_0, 0;
    %jmp T_1.21;
T_1.20 ;
    %load/vec4 v000001e927e22e50_0;
    %parti/s 1, 5, 4;
    %flag_set/vec4 8;
    %jmp/0xz  T_1.22, 8;
    %load/vec4 v000001e927e6bd30_0;
    %parti/s 4, 0, 2;
    %concati/vec4 5, 0, 4;
    %pad/u 16;
    %assign/vec4 v000001e927e6bd30_0, 0;
    %jmp T_1.23;
T_1.22 ;
    %load/vec4 v000001e927e22e50_0;
    %parti/s 1, 6, 4;
    %flag_set/vec4 8;
    %jmp/0xz  T_1.24, 8;
    %load/vec4 v000001e927e6bd30_0;
    %parti/s 4, 0, 2;
    %concati/vec4 6, 0, 4;
    %pad/u 16;
    %assign/vec4 v000001e927e6bd30_0, 0;
    %jmp T_1.25;
T_1.24 ;
    %load/vec4 v000001e927e22e50_0;
    %parti/s 1, 7, 4;
    %flag_set/vec4 8;
    %jmp/0xz  T_1.26, 8;
    %load/vec4 v000001e927e6bd30_0;
    %parti/s 4, 0, 2;
    %concati/vec4 7, 0, 4;
    %pad/u 16;
    %assign/vec4 v000001e927e6bd30_0, 0;
    %jmp T_1.27;
T_1.26 ;
    %load/vec4 v000001e927e22e50_0;
    %parti/s 1, 8, 5;
    %flag_set/vec4 8;
    %jmp/0xz  T_1.28, 8;
    %load/vec4 v000001e927e6bd30_0;
    %parti/s 4, 0, 2;
    %concati/vec4 8, 0, 4;
    %pad/u 16;
    %assign/vec4 v000001e927e6bd30_0, 0;
    %jmp T_1.29;
T_1.28 ;
    %load/vec4 v000001e927e22e50_0;
    %parti/s 1, 9, 5;
    %flag_set/vec4 8;
    %jmp/0xz  T_1.30, 8;
    %load/vec4 v000001e927e6bd30_0;
    %parti/s 4, 0, 2;
    %concati/vec4 9, 0, 4;
    %pad/u 16;
    %assign/vec4 v000001e927e6bd30_0, 0;
T_1.30 ;
T_1.29 ;
T_1.27 ;
T_1.25 ;
T_1.23 ;
T_1.21 ;
T_1.19 ;
T_1.17 ;
T_1.15 ;
T_1.13 ;
    %jmp T_1.11;
T_1.7 ;
    %load/vec4 v000001e927e22e50_0;
    %parti/s 1, 0, 2;
    %flag_set/vec4 8;
    %jmp/0xz  T_1.32, 8;
    %load/vec4 v000001e927e6bd30_0;
    %parti/s 8, 0, 2;
    %concati/vec4 0, 0, 4;
    %pad/u 16;
    %assign/vec4 v000001e927e6bd30_0, 0;
    %jmp T_1.33;
T_1.32 ;
    %load/vec4 v000001e927e22e50_0;
    %parti/s 1, 1, 2;
    %flag_set/vec4 8;
    %jmp/0xz  T_1.34, 8;
    %load/vec4 v000001e927e6bd30_0;
    %parti/s 8, 0, 2;
    %concati/vec4 1, 0, 4;
    %pad/u 16;
    %assign/vec4 v000001e927e6bd30_0, 0;
    %jmp T_1.35;
T_1.34 ;
    %load/vec4 v000001e927e22e50_0;
    %parti/s 1, 2, 3;
    %flag_set/vec4 8;
    %jmp/0xz  T_1.36, 8;
    %load/vec4 v000001e927e6bd30_0;
    %parti/s 8, 0, 2;
    %concati/vec4 2, 0, 4;
    %pad/u 16;
    %assign/vec4 v000001e927e6bd30_0, 0;
    %jmp T_1.37;
T_1.36 ;
    %load/vec4 v000001e927e22e50_0;
    %parti/s 1, 3, 3;
    %flag_set/vec4 8;
    %jmp/0xz  T_1.38, 8;
    %load/vec4 v000001e927e6bd30_0;
    %parti/s 8, 0, 2;
    %concati/vec4 3, 0, 4;
    %pad/u 16;
    %assign/vec4 v000001e927e6bd30_0, 0;
    %jmp T_1.39;
T_1.38 ;
    %load/vec4 v000001e927e22e50_0;
    %parti/s 1, 4, 4;
    %flag_set/vec4 8;
    %jmp/0xz  T_1.40, 8;
    %load/vec4 v000001e927e6bd30_0;
    %parti/s 8, 0, 2;
    %concati/vec4 4, 0, 4;
    %pad/u 16;
    %assign/vec4 v000001e927e6bd30_0, 0;
    %jmp T_1.41;
T_1.40 ;
    %load/vec4 v000001e927e22e50_0;
    %parti/s 1, 5, 4;
    %flag_set/vec4 8;
    %jmp/0xz  T_1.42, 8;
    %load/vec4 v000001e927e6bd30_0;
    %parti/s 8, 0, 2;
    %concati/vec4 5, 0, 4;
    %pad/u 16;
    %assign/vec4 v000001e927e6bd30_0, 0;
    %jmp T_1.43;
T_1.42 ;
    %load/vec4 v000001e927e22e50_0;
    %parti/s 1, 6, 4;
    %flag_set/vec4 8;
    %jmp/0xz  T_1.44, 8;
    %load/vec4 v000001e927e6bd30_0;
    %parti/s 8, 0, 2;
    %concati/vec4 6, 0, 4;
    %pad/u 16;
    %assign/vec4 v000001e927e6bd30_0, 0;
    %jmp T_1.45;
T_1.44 ;
    %load/vec4 v000001e927e22e50_0;
    %parti/s 1, 7, 4;
    %flag_set/vec4 8;
    %jmp/0xz  T_1.46, 8;
    %load/vec4 v000001e927e6bd30_0;
    %parti/s 8, 0, 2;
    %concati/vec4 7, 0, 4;
    %pad/u 16;
    %assign/vec4 v000001e927e6bd30_0, 0;
    %jmp T_1.47;
T_1.46 ;
    %load/vec4 v000001e927e22e50_0;
    %parti/s 1, 8, 5;
    %flag_set/vec4 8;
    %jmp/0xz  T_1.48, 8;
    %load/vec4 v000001e927e6bd30_0;
    %parti/s 8, 0, 2;
    %concati/vec4 8, 0, 4;
    %pad/u 16;
    %assign/vec4 v000001e927e6bd30_0, 0;
    %jmp T_1.49;
T_1.48 ;
    %load/vec4 v000001e927e22e50_0;
    %parti/s 1, 9, 5;
    %flag_set/vec4 8;
    %jmp/0xz  T_1.50, 8;
    %load/vec4 v000001e927e6bd30_0;
    %parti/s 8, 0, 2;
    %concati/vec4 9, 0, 4;
    %pad/u 16;
    %assign/vec4 v000001e927e6bd30_0, 0;
T_1.50 ;
T_1.49 ;
T_1.47 ;
T_1.45 ;
T_1.43 ;
T_1.41 ;
T_1.39 ;
T_1.37 ;
T_1.35 ;
T_1.33 ;
    %jmp T_1.11;
T_1.8 ;
    %load/vec4 v000001e927e22e50_0;
    %parti/s 1, 0, 2;
    %flag_set/vec4 8;
    %jmp/0xz  T_1.52, 8;
    %load/vec4 v000001e927e6bd30_0;
    %parti/s 12, 0, 2;
    %concati/vec4 0, 0, 4;
    %assign/vec4 v000001e927e6bd30_0, 0;
    %jmp T_1.53;
T_1.52 ;
    %load/vec4 v000001e927e22e50_0;
    %parti/s 1, 1, 2;
    %flag_set/vec4 8;
    %jmp/0xz  T_1.54, 8;
    %load/vec4 v000001e927e6bd30_0;
    %parti/s 12, 0, 2;
    %concati/vec4 1, 0, 4;
    %assign/vec4 v000001e927e6bd30_0, 0;
    %jmp T_1.55;
T_1.54 ;
    %load/vec4 v000001e927e22e50_0;
    %parti/s 1, 2, 3;
    %flag_set/vec4 8;
    %jmp/0xz  T_1.56, 8;
    %load/vec4 v000001e927e6bd30_0;
    %parti/s 12, 0, 2;
    %concati/vec4 2, 0, 4;
    %assign/vec4 v000001e927e6bd30_0, 0;
    %jmp T_1.57;
T_1.56 ;
    %load/vec4 v000001e927e22e50_0;
    %parti/s 1, 3, 3;
    %flag_set/vec4 8;
    %jmp/0xz  T_1.58, 8;
    %load/vec4 v000001e927e6bd30_0;
    %parti/s 12, 0, 2;
    %concati/vec4 3, 0, 4;
    %assign/vec4 v000001e927e6bd30_0, 0;
    %jmp T_1.59;
T_1.58 ;
    %load/vec4 v000001e927e22e50_0;
    %parti/s 1, 4, 4;
    %flag_set/vec4 8;
    %jmp/0xz  T_1.60, 8;
    %load/vec4 v000001e927e6bd30_0;
    %parti/s 12, 0, 2;
    %concati/vec4 4, 0, 4;
    %assign/vec4 v000001e927e6bd30_0, 0;
    %jmp T_1.61;
T_1.60 ;
    %load/vec4 v000001e927e22e50_0;
    %parti/s 1, 5, 4;
    %flag_set/vec4 8;
    %jmp/0xz  T_1.62, 8;
    %load/vec4 v000001e927e6bd30_0;
    %parti/s 12, 0, 2;
    %concati/vec4 5, 0, 4;
    %assign/vec4 v000001e927e6bd30_0, 0;
    %jmp T_1.63;
T_1.62 ;
    %load/vec4 v000001e927e22e50_0;
    %parti/s 1, 6, 4;
    %flag_set/vec4 8;
    %jmp/0xz  T_1.64, 8;
    %load/vec4 v000001e927e6bd30_0;
    %parti/s 12, 0, 2;
    %concati/vec4 6, 0, 4;
    %assign/vec4 v000001e927e6bd30_0, 0;
    %jmp T_1.65;
T_1.64 ;
    %load/vec4 v000001e927e22e50_0;
    %parti/s 1, 7, 4;
    %flag_set/vec4 8;
    %jmp/0xz  T_1.66, 8;
    %load/vec4 v000001e927e6bd30_0;
    %parti/s 12, 0, 2;
    %concati/vec4 7, 0, 4;
    %assign/vec4 v000001e927e6bd30_0, 0;
    %jmp T_1.67;
T_1.66 ;
    %load/vec4 v000001e927e22e50_0;
    %parti/s 1, 8, 5;
    %flag_set/vec4 8;
    %jmp/0xz  T_1.68, 8;
    %load/vec4 v000001e927e6bd30_0;
    %parti/s 12, 0, 2;
    %concati/vec4 8, 0, 4;
    %assign/vec4 v000001e927e6bd30_0, 0;
    %jmp T_1.69;
T_1.68 ;
    %load/vec4 v000001e927e22e50_0;
    %parti/s 1, 9, 5;
    %flag_set/vec4 8;
    %jmp/0xz  T_1.70, 8;
    %load/vec4 v000001e927e6bd30_0;
    %parti/s 12, 0, 2;
    %concati/vec4 9, 0, 4;
    %assign/vec4 v000001e927e6bd30_0, 0;
T_1.70 ;
T_1.69 ;
T_1.67 ;
T_1.65 ;
T_1.63 ;
T_1.61 ;
T_1.59 ;
T_1.57 ;
T_1.55 ;
T_1.53 ;
    %jmp T_1.11;
T_1.9 ;
    %load/vec4 v000001e927e22e50_0;
    %parti/s 1, 0, 2;
    %flag_set/vec4 8;
    %jmp/0xz  T_1.72, 8;
    %load/vec4 v000001e927e6bd30_0;
    %concati/vec4 0, 0, 4;
    %pad/u 16;
    %assign/vec4 v000001e927e6bd30_0, 0;
    %jmp T_1.73;
T_1.72 ;
    %load/vec4 v000001e927e22e50_0;
    %parti/s 1, 1, 2;
    %flag_set/vec4 8;
    %jmp/0xz  T_1.74, 8;
    %load/vec4 v000001e927e6bd30_0;
    %concati/vec4 1, 0, 4;
    %pad/u 16;
    %assign/vec4 v000001e927e6bd30_0, 0;
    %jmp T_1.75;
T_1.74 ;
    %load/vec4 v000001e927e22e50_0;
    %parti/s 1, 2, 3;
    %flag_set/vec4 8;
    %jmp/0xz  T_1.76, 8;
    %load/vec4 v000001e927e6bd30_0;
    %concati/vec4 2, 0, 4;
    %pad/u 16;
    %assign/vec4 v000001e927e6bd30_0, 0;
    %jmp T_1.77;
T_1.76 ;
    %load/vec4 v000001e927e22e50_0;
    %parti/s 1, 3, 3;
    %flag_set/vec4 8;
    %jmp/0xz  T_1.78, 8;
    %load/vec4 v000001e927e6bd30_0;
    %concati/vec4 3, 0, 4;
    %pad/u 16;
    %assign/vec4 v000001e927e6bd30_0, 0;
    %jmp T_1.79;
T_1.78 ;
    %load/vec4 v000001e927e22e50_0;
    %parti/s 1, 4, 4;
    %flag_set/vec4 8;
    %jmp/0xz  T_1.80, 8;
    %load/vec4 v000001e927e6bd30_0;
    %concati/vec4 4, 0, 4;
    %pad/u 16;
    %assign/vec4 v000001e927e6bd30_0, 0;
    %jmp T_1.81;
T_1.80 ;
    %load/vec4 v000001e927e22e50_0;
    %parti/s 1, 5, 4;
    %flag_set/vec4 8;
    %jmp/0xz  T_1.82, 8;
    %load/vec4 v000001e927e6bd30_0;
    %concati/vec4 5, 0, 4;
    %pad/u 16;
    %assign/vec4 v000001e927e6bd30_0, 0;
    %jmp T_1.83;
T_1.82 ;
    %load/vec4 v000001e927e22e50_0;
    %parti/s 1, 6, 4;
    %flag_set/vec4 8;
    %jmp/0xz  T_1.84, 8;
    %load/vec4 v000001e927e6bd30_0;
    %concati/vec4 6, 0, 4;
    %pad/u 16;
    %assign/vec4 v000001e927e6bd30_0, 0;
    %jmp T_1.85;
T_1.84 ;
    %load/vec4 v000001e927e22e50_0;
    %parti/s 1, 7, 4;
    %flag_set/vec4 8;
    %jmp/0xz  T_1.86, 8;
    %load/vec4 v000001e927e6bd30_0;
    %concati/vec4 7, 0, 4;
    %pad/u 16;
    %assign/vec4 v000001e927e6bd30_0, 0;
    %jmp T_1.87;
T_1.86 ;
    %load/vec4 v000001e927e22e50_0;
    %parti/s 1, 8, 5;
    %flag_set/vec4 8;
    %jmp/0xz  T_1.88, 8;
    %load/vec4 v000001e927e6bd30_0;
    %concati/vec4 8, 0, 4;
    %pad/u 16;
    %assign/vec4 v000001e927e6bd30_0, 0;
    %jmp T_1.89;
T_1.88 ;
    %load/vec4 v000001e927e22e50_0;
    %parti/s 1, 9, 5;
    %flag_set/vec4 8;
    %jmp/0xz  T_1.90, 8;
    %load/vec4 v000001e927e6bd30_0;
    %concati/vec4 9, 0, 4;
    %pad/u 16;
    %assign/vec4 v000001e927e6bd30_0, 0;
T_1.90 ;
T_1.89 ;
T_1.87 ;
T_1.85 ;
T_1.83 ;
T_1.81 ;
T_1.79 ;
T_1.77 ;
T_1.75 ;
T_1.73 ;
    %jmp T_1.11;
T_1.11 ;
    %pop/vec4 1;
    %load/vec4 v000001e927e22b30_0;
    %addi 1, 0, 4;
    %assign/vec4 v000001e927e22b30_0, 0;
T_1.4 ;
T_1.3 ;
    %jmp T_1.1;
T_1.0 ;
    %load/vec4 v000001e927e6bc90_0;
    %cmpi/ne 17185, 0, 16;
    %jmp/0xz  T_1.92, 6;
    %pushi/vec4 0, 0, 16;
    %store/vec4 v000001e927e6bd30_0, 0, 16;
    %pushi/vec4 0, 0, 16;
    %store/vec4 v000001e927e6bc90_0, 0, 16;
    %pushi/vec4 1, 0, 1;
    %store/vec4 v000001e927e22d10_0, 0, 1;
T_1.92 ;
T_1.1 ;
    %load/vec4 v000001e927e6bc90_0;
    %cmpi/e 17185, 0, 16;
    %flag_mov 8, 4;
    %jmp/0 T_1.94, 8;
    %pushi/vec4 1, 0, 2;
    %jmp/1 T_1.95, 8;
T_1.94 ; End of true expr.
    %pushi/vec4 0, 0, 2;
    %jmp/0 T_1.95, 8;
 ; End of false expr.
    %blend;
T_1.95;
    %pad/s 1;
    %store/vec4 v000001e927e22ef0_0, 0, 1;
    %jmp T_1;
    .thread T_1;
    .scope S_000001e927e54cf0;
T_2 ;
    %pushi/vec4 0, 0, 1;
    %store/vec4 v000001e927e7bf30_0, 0, 1;
    %end;
    .thread T_2;
    .scope S_000001e927e54cf0;
T_3 ;
    %delay 1, 0;
    %load/vec4 v000001e927e7bf30_0;
    %inv;
    %store/vec4 v000001e927e7bf30_0, 0, 1;
    %jmp T_3;
    .thread T_3;
    .scope S_000001e927e54cf0;
T_4 ;
    %vpi_call 3 48 "$dumpfile", "Teclado.vcd" {0 0 0};
    %vpi_call 3 49 "$dumpvars" {0 0 0};
    %pushi/vec4 0, 0, 10;
    %store/vec4 v000001e927e54360_0, 0, 10;
    %pushi/vec4 0, 0, 1;
    %store/vec4 v000001e927e478d0_0, 0, 1;
    %delay 4, 0;
    %pushi/vec4 1, 0, 1;
    %store/vec4 v000001e927e54e80_0, 0, 1;
    %delay 1, 0;
    %pushi/vec4 0, 0, 1;
    %store/vec4 v000001e927e54e80_0, 0, 1;
    %pushi/vec4 1, 0, 1;
    %ix/load 4, 4, 0;
    %flag_set/imm 4, 0;
    %store/vec4 v000001e927e54360_0, 4, 1;
    %delay 2, 0;
    %pushi/vec4 0, 0, 1;
    %ix/load 4, 4, 0;
    %flag_set/imm 4, 0;
    %store/vec4 v000001e927e54360_0, 4, 1;
    %delay 2, 0;
    %pushi/vec4 1, 0, 1;
    %ix/load 4, 3, 0;
    %flag_set/imm 4, 0;
    %store/vec4 v000001e927e54360_0, 4, 1;
    %delay 2, 0;
    %pushi/vec4 0, 0, 1;
    %ix/load 4, 3, 0;
    %flag_set/imm 4, 0;
    %store/vec4 v000001e927e54360_0, 4, 1;
    %delay 2, 0;
    %pushi/vec4 1, 0, 1;
    %ix/load 4, 2, 0;
    %flag_set/imm 4, 0;
    %store/vec4 v000001e927e54360_0, 4, 1;
    %delay 2, 0;
    %pushi/vec4 0, 0, 1;
    %ix/load 4, 2, 0;
    %flag_set/imm 4, 0;
    %store/vec4 v000001e927e54360_0, 4, 1;
    %delay 2, 0;
    %pushi/vec4 1, 0, 1;
    %ix/load 4, 1, 0;
    %flag_set/imm 4, 0;
    %store/vec4 v000001e927e54360_0, 4, 1;
    %delay 2, 0;
    %pushi/vec4 0, 0, 1;
    %ix/load 4, 1, 0;
    %flag_set/imm 4, 0;
    %store/vec4 v000001e927e54360_0, 4, 1;
    %delay 4, 0;
    %pushi/vec4 1, 0, 1;
    %store/vec4 v000001e927e478d0_0, 0, 1;
    %delay 4, 0;
    %pushi/vec4 0, 0, 1;
    %store/vec4 v000001e927e478d0_0, 0, 1;
    %delay 4, 0;
    %pushi/vec4 1, 0, 1;
    %store/vec4 v000001e927e54e80_0, 0, 1;
    %delay 1, 0;
    %pushi/vec4 0, 0, 1;
    %store/vec4 v000001e927e54e80_0, 0, 1;
    %delay 1, 0;
    %pushi/vec4 1, 0, 1;
    %ix/load 4, 7, 0;
    %flag_set/imm 4, 0;
    %store/vec4 v000001e927e54360_0, 4, 1;
    %delay 2, 0;
    %pushi/vec4 0, 0, 1;
    %ix/load 4, 7, 0;
    %flag_set/imm 4, 0;
    %store/vec4 v000001e927e54360_0, 4, 1;
    %delay 2, 0;
    %pushi/vec4 1, 0, 1;
    %ix/load 4, 2, 0;
    %flag_set/imm 4, 0;
    %store/vec4 v000001e927e54360_0, 4, 1;
    %delay 2, 0;
    %pushi/vec4 0, 0, 1;
    %ix/load 4, 2, 0;
    %flag_set/imm 4, 0;
    %store/vec4 v000001e927e54360_0, 4, 1;
    %delay 2, 0;
    %pushi/vec4 1, 0, 1;
    %ix/load 4, 3, 0;
    %flag_set/imm 4, 0;
    %store/vec4 v000001e927e54360_0, 4, 1;
    %delay 2, 0;
    %pushi/vec4 0, 0, 1;
    %ix/load 4, 3, 0;
    %flag_set/imm 4, 0;
    %store/vec4 v000001e927e54360_0, 4, 1;
    %delay 2, 0;
    %pushi/vec4 1, 0, 1;
    %ix/load 4, 1, 0;
    %flag_set/imm 4, 0;
    %store/vec4 v000001e927e54360_0, 4, 1;
    %delay 2, 0;
    %pushi/vec4 0, 0, 1;
    %ix/load 4, 1, 0;
    %flag_set/imm 4, 0;
    %store/vec4 v000001e927e54360_0, 4, 1;
    %delay 4, 0;
    %pushi/vec4 1, 0, 1;
    %store/vec4 v000001e927e478d0_0, 0, 1;
    %delay 4, 0;
    %pushi/vec4 0, 0, 1;
    %store/vec4 v000001e927e478d0_0, 0, 1;
    %delay 4, 0;
    %pushi/vec4 1, 0, 1;
    %ix/load 4, 4, 0;
    %flag_set/imm 4, 0;
    %store/vec4 v000001e927e54360_0, 4, 1;
    %delay 2, 0;
    %pushi/vec4 0, 0, 1;
    %ix/load 4, 4, 0;
    %flag_set/imm 4, 0;
    %store/vec4 v000001e927e54360_0, 4, 1;
    %delay 2, 0;
    %pushi/vec4 1, 0, 1;
    %ix/load 4, 3, 0;
    %flag_set/imm 4, 0;
    %store/vec4 v000001e927e54360_0, 4, 1;
    %delay 2, 0;
    %pushi/vec4 0, 0, 1;
    %ix/load 4, 3, 0;
    %flag_set/imm 4, 0;
    %store/vec4 v000001e927e54360_0, 4, 1;
    %delay 2, 0;
    %pushi/vec4 1, 0, 1;
    %ix/load 4, 2, 0;
    %flag_set/imm 4, 0;
    %store/vec4 v000001e927e54360_0, 4, 1;
    %delay 2, 0;
    %pushi/vec4 0, 0, 1;
    %ix/load 4, 2, 0;
    %flag_set/imm 4, 0;
    %store/vec4 v000001e927e54360_0, 4, 1;
    %delay 2, 0;
    %pushi/vec4 1, 0, 1;
    %ix/load 4, 1, 0;
    %flag_set/imm 4, 0;
    %store/vec4 v000001e927e54360_0, 4, 1;
    %delay 2, 0;
    %pushi/vec4 0, 0, 1;
    %ix/load 4, 1, 0;
    %flag_set/imm 4, 0;
    %store/vec4 v000001e927e54360_0, 4, 1;
    %delay 4, 0;
    %pushi/vec4 1, 0, 1;
    %store/vec4 v000001e927e478d0_0, 0, 1;
    %delay 4, 0;
    %pushi/vec4 0, 0, 1;
    %store/vec4 v000001e927e478d0_0, 0, 1;
    %delay 4, 0;
    %pushi/vec4 1, 0, 1;
    %store/vec4 v000001e927e54e80_0, 0, 1;
    %delay 1, 0;
    %pushi/vec4 0, 0, 1;
    %store/vec4 v000001e927e54e80_0, 0, 1;
    %delay 1, 0;
    %pushi/vec4 1, 0, 1;
    %ix/load 4, 7, 0;
    %flag_set/imm 4, 0;
    %store/vec4 v000001e927e54360_0, 4, 1;
    %delay 2, 0;
    %pushi/vec4 0, 0, 1;
    %ix/load 4, 7, 0;
    %flag_set/imm 4, 0;
    %store/vec4 v000001e927e54360_0, 4, 1;
    %delay 2, 0;
    %pushi/vec4 1, 0, 1;
    %ix/load 4, 2, 0;
    %flag_set/imm 4, 0;
    %store/vec4 v000001e927e54360_0, 4, 1;
    %delay 2, 0;
    %pushi/vec4 0, 0, 1;
    %ix/load 4, 2, 0;
    %flag_set/imm 4, 0;
    %store/vec4 v000001e927e54360_0, 4, 1;
    %delay 2, 0;
    %pushi/vec4 1, 0, 1;
    %ix/load 4, 3, 0;
    %flag_set/imm 4, 0;
    %store/vec4 v000001e927e54360_0, 4, 1;
    %delay 2, 0;
    %pushi/vec4 0, 0, 1;
    %ix/load 4, 3, 0;
    %flag_set/imm 4, 0;
    %store/vec4 v000001e927e54360_0, 4, 1;
    %delay 2, 0;
    %pushi/vec4 1, 0, 1;
    %ix/load 4, 1, 0;
    %flag_set/imm 4, 0;
    %store/vec4 v000001e927e54360_0, 4, 1;
    %delay 2, 0;
    %pushi/vec4 0, 0, 1;
    %ix/load 4, 1, 0;
    %flag_set/imm 4, 0;
    %store/vec4 v000001e927e54360_0, 4, 1;
    %delay 2, 0;
    %pushi/vec4 1, 0, 1;
    %ix/load 4, 2, 0;
    %flag_set/imm 4, 0;
    %store/vec4 v000001e927e54360_0, 4, 1;
    %delay 2, 0;
    %pushi/vec4 0, 0, 1;
    %ix/load 4, 2, 0;
    %flag_set/imm 4, 0;
    %store/vec4 v000001e927e54360_0, 4, 1;
    %delay 4, 0;
    %pushi/vec4 1, 0, 1;
    %store/vec4 v000001e927e478d0_0, 0, 1;
    %delay 4, 0;
    %pushi/vec4 0, 0, 1;
    %store/vec4 v000001e927e478d0_0, 0, 1;
    %delay 4, 0;
    %pushi/vec4 1, 0, 1;
    %ix/load 4, 2, 0;
    %flag_set/imm 4, 0;
    %store/vec4 v000001e927e54360_0, 4, 1;
    %delay 2, 0;
    %pushi/vec4 0, 0, 1;
    %ix/load 4, 2, 0;
    %flag_set/imm 4, 0;
    %store/vec4 v000001e927e54360_0, 4, 1;
    %delay 2, 0;
    %pushi/vec4 1, 0, 1;
    %ix/load 4, 2, 0;
    %flag_set/imm 4, 0;
    %store/vec4 v000001e927e54360_0, 4, 1;
    %delay 2, 0;
    %pushi/vec4 0, 0, 1;
    %ix/load 4, 2, 0;
    %flag_set/imm 4, 0;
    %store/vec4 v000001e927e54360_0, 4, 1;
    %delay 2, 0;
    %pushi/vec4 1, 0, 1;
    %ix/load 4, 2, 0;
    %flag_set/imm 4, 0;
    %store/vec4 v000001e927e54360_0, 4, 1;
    %delay 2, 0;
    %pushi/vec4 0, 0, 1;
    %ix/load 4, 2, 0;
    %flag_set/imm 4, 0;
    %store/vec4 v000001e927e54360_0, 4, 1;
    %delay 2, 0;
    %pushi/vec4 1, 0, 1;
    %ix/load 4, 2, 0;
    %flag_set/imm 4, 0;
    %store/vec4 v000001e927e54360_0, 4, 1;
    %delay 2, 0;
    %pushi/vec4 0, 0, 1;
    %ix/load 4, 2, 0;
    %flag_set/imm 4, 0;
    %store/vec4 v000001e927e54360_0, 4, 1;
    %delay 4, 0;
    %pushi/vec4 1, 0, 1;
    %store/vec4 v000001e927e478d0_0, 0, 1;
    %delay 4, 0;
    %pushi/vec4 0, 0, 1;
    %store/vec4 v000001e927e478d0_0, 0, 1;
    %delay 10, 0;
    %vpi_call 3 127 "$finish" {0 0 0};
    %end;
    .thread T_4;
# The file index is used to find the file name in the following table.
:file_names 5;
    "N/A";
    "<interactive>";
    ".\Teclado_tb.v";
    "./Teclado_Tests.v";
    "./Teclado.v";
